#
# There is insufficient memory for the Java Runtime Environment to continue.
# Native memory allocation (mmap) failed to map 264241152 bytes. Error detail: G1 virtual space
# Possible reasons:
#   The system is out of physical RAM or swap space
#   This process is running with CompressedOops enabled, and the Java Heap may be blocking the growth of the native heap
# Possible solutions:
#   Reduce memory load on the system
#   Increase physical memory or swap space
#   Check if swap backing store is full
#   Decrease Java heap size (-Xmx/-Xms)
#   Decrease number of Java threads
#   Decrease Java thread stack sizes (-Xss)
#   Set larger code cache with -XX:ReservedCodeCacheSize=
#   JVM is running with Zero Based Compressed Oops mode in which the Java heap is
#     placed in the first 32GB address space. The Java Heap base address is the
#     maximum limit for the native heap growth. Please use -XX:HeapBaseMinAddress
#     to set the Java Heap base and to place the Java Heap above 32GB virtual address.
# This output file may be truncated or incomplete.
#
#  Out of Memory Error (os_windows.cpp:3631), pid=21988, tid=9600
#
# JRE version:  (22.0.2+9) (build )
# Java VM: Java HotSpot(TM) 64-Bit Server VM (22.0.2+9-70, mixed mode, sharing, tiered, compressed oops, compressed class ptrs, g1 gc, windows-amd64)
# No core dump will be written. Minidumps are not enabled by default on client versions of Windows
#

---------------  S U M M A R Y ------------

Command Line: -Dnet.bytebuddy.agent.attacher.dump= net.bytebuddy.agent.Attacher com.sun.tools.attach.VirtualMachine 19116 C:\Users\seddi\.m2\repository\net\bytebuddy\byte-buddy-agent\1.17.8\byte-buddy-agent-1.17.8.jar false 

Host: 11th Gen Intel(R) Core(TM) i5-11400H @ 2.70GHz, 12 cores, 15G,  Windows 11 , 64 bit Build 22621 (10.0.22621.5415)
Time: Thu Apr 30 15:50:56 2026 Afr. centrale Ouest elapsed time: 0.026242 seconds (0d 0h 0m 0s)

---------------  T H R E A D  ---------------

Current thread (0x000002dd720f8570):  JavaThread "Unknown thread" [_thread_in_vm, id=9600, stack(0x000000ff13400000,0x000000ff13500000) (1024K)]

Stack: [0x000000ff13400000,0x000000ff13500000]
Native frames: (J=compiled Java code, j=interpreted, Vv=VM code, C=native code)
V  [jvm.dll+0x6e26e9]  (no source info available)
V  [jvm.dll+0x875753]  (no source info available)
V  [jvm.dll+0x877b7e]  (no source info available)
V  [jvm.dll+0x878253]  (no source info available)
V  [jvm.dll+0x27fc86]  (no source info available)
V  [jvm.dll+0x6ded85]  (no source info available)
V  [jvm.dll+0x6d388a]  (no source info available)
V  [jvm.dll+0x358b8a]  (no source info available)
V  [jvm.dll+0x3610b6]  (no source info available)
V  [jvm.dll+0x3b419e]  (no source info available)
V  [jvm.dll+0x3b4448]  (no source info available)
V  [jvm.dll+0x32c5ec]  (no source info available)
V  [jvm.dll+0x32d258]  (no source info available)
V  [jvm.dll+0x83d5ac]  (no source info available)
V  [jvm.dll+0x3c10d1]  (no source info available)
V  [jvm.dll+0x8264cc]  (no source info available)
V  [jvm.dll+0x45bd5e]  (no source info available)
V  [jvm.dll+0x45dbe1]  (no source info available)
C  [jli.dll+0x52a3]  (no source info available)
C  [ucrtbase.dll+0x29333]  (no source info available)
C  [KERNEL32.DLL+0x1259d]  (no source info available)
C  [ntdll.dll+0x5af78]  (no source info available)


---------------  P R O C E S S  ---------------

Threads class SMR info:
_java_thread_list=0x00007ffd8544c1c8, length=0, elements={
}

Java Threads: ( => current thread )
Total: 0

Other Threads:
  0x000002dd7430b9a0 WorkerThread "GC Thread#0"                     [id=4416, stack(0x000000ff13500000,0x000000ff13600000) (1024K)]
  0x000002dd7431c700 ConcurrentGCThread "G1 Main Marker"            [id=23320, stack(0x000000ff13600000,0x000000ff13700000) (1024K)]
  0x000002dd7431d9b0 WorkerThread "G1 Conc#0"                       [id=21640, stack(0x000000ff13700000,0x000000ff13800000) (1024K)]

[error occurred during error reporting (printing all threads), id 0xc0000005, EXCEPTION_ACCESS_VIOLATION (0xc0000005) at pc=0x00007ffd84b9f517]
VM state: not at safepoint (not fully initialized)

VM Mutex/Monitor currently owned by a thread:  ([mutex/lock_event])
[0x00007ffd854ccc80] Heap_lock - owner thread: 0x000002dd720f8570

Heap address: 0x0000000704400000, size: 4028 MB, Compressed Oops mode: Zero based, Oop shift amount: 3

CDS archive(s) mapped at: [0x0000000000000000-0x0000000000000000-0x0000000000000000), size 0, SharedBaseAddress: 0x0000000800000000, ArchiveRelocationMode: 1.
Narrow klass base: 0x0000000000000000, Narrow klass shift: 0, Narrow klass range: 0x0

GC Precious Log:
 CardTable entry size: 512
 Card Set container configuration: InlinePtr #cards 4 size 8 Array Of Cards #cards 16 size 48 Howl #buckets 8 coarsen threshold 3686 Howl Bitmap #cards 512 size 80 coarsen threshold 460 Card regions per heap region 1 cards per card region 4096

Heap:
 garbage-first heap   total reserved 4124672K, committed 0K, used 0K [0x0000000704400000, 0x0000000800000000)
  region size 2048K, 0 young (0K), 0 survivors (0K)

[error occurred during error reporting (printing heap information), id 0xc0000005, EXCEPTION_ACCESS_VIOLATION (0xc0000005) at pc=0x00007ffd84f9e869]
GC Heap History (0 events):
No events

Dll operation events (1 events):
Event: 0.014 Loaded shared library C:\Program Files\Java\jdk-22\bin\java.dll

Deoptimization events (0 events):
No events

Classes loaded (0 events):
No events

Classes unloaded (0 events):
No events

Classes redefined (0 events):
No events

Internal exceptions (0 events):
No events

ZGC Phase Switch (0 events):
No events

VM Operations (0 events):
No events

Memory protections (0 events):
No events

Nmethod flushes (0 events):
No events

Events (0 events):
No events


Dynamic libraries:
0x00007ff78abb0000 - 0x00007ff78abc0000 	C:\Program Files\Java\jdk-22\bin\java.exe
0x00007ffe10cd0000 - 0x00007ffe10ee8000 	C:\Windows\SYSTEM32\ntdll.dll
0x00007ffe0f690000 - 0x00007ffe0f754000 	C:\Windows\System32\KERNEL32.DLL
0x00007ffe0e110000 - 0x00007ffe0e4e3000 	C:\Windows\System32\KERNELBASE.dll
0x00007ffe0e570000 - 0x00007ffe0e681000 	C:\Windows\System32\ucrtbase.dll
0x00007ffdfcb30000 - 0x00007ffdfcb4b000 	C:\Program Files\Java\jdk-22\bin\VCRUNTIME140.dll
0x00007ffdfcac0000 - 0x00007ffdfcad7000 	C:\Program Files\Java\jdk-22\bin\jli.dll
0x00007ffe10640000 - 0x00007ffe107f2000 	C:\Windows\System32\USER32.dll
0x00007ffdf42e0000 - 0x00007ffdf457c000 	C:\Windows\WinSxS\amd64_microsoft.windows.common-controls_6595b64144ccf1df_6.0.22621.6060_none_2712eda17382d24b\COMCTL32.dll
0x00007ffe0e940000 - 0x00007ffe0e966000 	C:\Windows\System32\win32u.dll
0x00007ffe0fa80000 - 0x00007ffe0faa9000 	C:\Windows\System32\GDI32.dll
0x00007ffe0f770000 - 0x00007ffe0f817000 	C:\Windows\System32\msvcrt.dll
0x00007ffe0e820000 - 0x00007ffe0e93b000 	C:\Windows\System32\gdi32full.dll
0x00007ffe0e780000 - 0x00007ffe0e81a000 	C:\Windows\System32\msvcp_win.dll
0x00007ffe0eec0000 - 0x00007ffe0eef1000 	C:\Windows\System32\IMM32.DLL
0x00007ffe06e80000 - 0x00007ffe06e8c000 	C:\Program Files\Java\jdk-22\bin\vcruntime140_1.dll
0x00007ffde4c60000 - 0x00007ffde4cee000 	C:\Program Files\Java\jdk-22\bin\msvcp140.dll
0x00007ffd84860000 - 0x00007ffd855a9000 	C:\Program Files\Java\jdk-22\bin\server\jvm.dll
0x00007ffe0f160000 - 0x00007ffe0f211000 	C:\Windows\System32\ADVAPI32.dll
0x00007ffe0f8a0000 - 0x00007ffe0f948000 	C:\Windows\System32\sechost.dll
0x00007ffe0e750000 - 0x00007ffe0e778000 	C:\Windows\System32\bcrypt.dll
0x00007ffe0f950000 - 0x00007ffe0fa68000 	C:\Windows\System32\RPCRT4.dll
0x00007ffe10870000 - 0x00007ffe108e1000 	C:\Windows\System32\WS2_32.dll
0x00007ffe0cc30000 - 0x00007ffe0cc7d000 	C:\Windows\SYSTEM32\POWRPROF.dll
0x00007ffe06ae0000 - 0x00007ffe06b14000 	C:\Windows\SYSTEM32\WINMM.dll
0x00007ffe03cf0000 - 0x00007ffe03cfa000 	C:\Windows\SYSTEM32\VERSION.dll
0x00007ffe0cc10000 - 0x00007ffe0cc23000 	C:\Windows\SYSTEM32\UMPDC.dll
0x00007ffe0ceb0000 - 0x00007ffe0cec8000 	C:\Windows\SYSTEM32\kernel.appcore.dll
0x00007ffe02200000 - 0x00007ffe0220a000 	C:\Program Files\Java\jdk-22\bin\jimage.dll
0x00007ffe0b6f0000 - 0x00007ffe0b923000 	C:\Windows\SYSTEM32\DBGHELP.DLL
0x00007ffe108f0000 - 0x00007ffe10c81000 	C:\Windows\System32\combase.dll
0x00007ffe0f010000 - 0x00007ffe0f0e8000 	C:\Windows\System32\OLEAUT32.dll
0x00007ffdff6d0000 - 0x00007ffdff702000 	C:\Windows\SYSTEM32\dbgcore.DLL
0x00007ffe0e4f0000 - 0x00007ffe0e56b000 	C:\Windows\System32\bcryptPrimitives.dll
0x00007ffdfb460000 - 0x00007ffdfb47e000 	C:\Program Files\Java\jdk-22\bin\java.dll
0x00007ffe0fd10000 - 0x00007ffe105ac000 	C:\Windows\System32\SHELL32.dll
0x00007ffe0dde0000 - 0x00007ffe0df1f000 	C:\Windows\System32\wintypes.dll
0x00007ffe0f330000 - 0x00007ffe0f4d1000 	C:\Windows\System32\ole32.dll

dbghelp: loaded successfully - version: 4.0.5 - missing functions: none
symbol engine: initialized successfully - sym options: 0x614 - pdb path: .;C:\Program Files\Java\jdk-22\bin;C:\Windows\SYSTEM32;C:\Windows\WinSxS\amd64_microsoft.windows.common-controls_6595b64144ccf1df_6.0.22621.6060_none_2712eda17382d24b;C:\Program Files\Java\jdk-22\bin\server

VM Arguments:
jvm_args: -Dnet.bytebuddy.agent.attacher.dump= 
java_command: net.bytebuddy.agent.Attacher com.sun.tools.attach.VirtualMachine 19116 C:\Users\seddi\.m2\repository\net\bytebuddy\byte-buddy-agent\1.17.8\byte-buddy-agent-1.17.8.jar false 
java_class_path (initial): C:\Users\seddi\.m2\repository\net\bytebuddy\byte-buddy-agent\1.17.8\byte-buddy-agent-1.17.8.jar
Launcher Type: SUN_STANDARD

[Global flags]
     intx CICompilerCount                          = 4                                         {product} {ergonomic}
     uint ConcGCThreads                            = 3                                         {product} {ergonomic}
     uint G1ConcRefinementThreads                  = 10                                        {product} {ergonomic}
   size_t G1HeapRegionSize                         = 2097152                                   {product} {ergonomic}
   size_t InitialHeapSize                          = 264241152                                 {product} {ergonomic}
   size_t MarkStackSize                            = 4194304                                   {product} {ergonomic}
   size_t MaxHeapSize                              = 4223664128                                {product} {ergonomic}
   size_t MinHeapDeltaBytes                        = 2097152                                   {product} {ergonomic}
   size_t MinHeapSize                              = 8388608                                   {product} {ergonomic}
    uintx NonNMethodCodeHeapSize                   = 5839372                                {pd product} {ergonomic}
    uintx NonProfiledCodeHeapSize                  = 122909434                              {pd product} {ergonomic}
    uintx ProfiledCodeHeapSize                     = 122909434                              {pd product} {ergonomic}
    uintx ReservedCodeCacheSize                    = 251658240                              {pd product} {ergonomic}
     bool SegmentedCodeCache                       = true                                      {product} {ergonomic}
   size_t SoftMaxHeapSize                          = 4223664128                             {manageable} {ergonomic}
     bool UseCompressedOops                        = true                           {product lp64_product} {ergonomic}
     bool UseG1GC                                  = true                                      {product} {ergonomic}
     bool UseLargePagesIndividualAllocation        = false                                  {pd product} {ergonomic}

Logging:
Log output configuration:
 #0: stdout all=warning uptime,level,tags foldmultilines=false
 #1: stderr all=off uptime,level,tags foldmultilines=false

Environment Variables:
PATH=C:\Program Files (x86)\VMware\VMware Workstation\bin\;C:\Program Files\Common Files\Oracle\Java\javapath;C:\Program Files (x86)\Common Files\Oracle\Java\java8path;C:\Program Files (x86)\Common Files\Oracle\Java\javapath;C:\oraclexe\app\oracle\product\11.2.0\server\bin;C:\Windows\system32;C:\Windows;C:\Windows\System32\Wbem;C:\Windows\System32\WindowsPowerShell\v1.0\;C:\Windows\System32\OpenSSH\;C:\Program Files (x86)\NVIDIA Corporation\PhysX\Common;C:\Program Files\Git\cmd;C:\oraclexe;C:\instantclient12_2;C:\oraclexe\app\oracle\admin\XE;C:\Program Files\OpenSSL-Win64\bin;C:\Program Files\dotnet\;C:\composer;C:\xampp;C:\xampp\php;C:\Program Files\Java\jdk-22\bin;C:\xampp\mysql\bin;C:\Program Files (x86)\CodeBlocks\MinGW\bin;C:\Program Files (x86)\GnuWin32\bin;C:\Program Files\NVIDIA Corporation\NVIDIA app\NvDLISR;C:\ProgramData\chocolatey\bin;C:\Program Files\nodejs;C:\Program Files\Docker\Docker\resources\bin;C:\Program Files\Microsoft SQL Server\150\Tools\Binn\;C:\Program Files\Micr;C:\Program Files\MongoDB\Server\8.2\bin;C:\Users\seddi\AppData\Local\Programs\mongosh\;C:\Program Files\MongoDB\Tools\100\bin;C:\Program Files\nodejs\;C:\Program Files (x86)\VMware\VMware Workstation\bin\;C:\Program Files\Common Files\Oracle\Java\javapath;C:\Program Files (x86)\Common Files\Oracle\Java\java8path;C:\Program Files (x86)\Common Files\Oracle\Java\javapath;C:\oraclexe\app\oracle\product\11.2.0\server\bin;C:\Windows\system32;C:\Windows;C:\Windows\System32\Wbem;C:\Windows\System32\WindowsPowerShell\v1.0\;C:\Windows\System32\OpenSSH\;C:\Program Files (x86)\NVIDIA Corporation\PhysX\Common;C:\Program Files\Git\cmd;C:\oraclexe;C:\instantclient12_2;C:\oraclexe\app\oracle\admin\XE;C:\Program Files\OpenSSL-Win64\bin;C:\Program Files\dotnet\;C:\composer;C:\xampp;C:\xampp\php;C:\Program Files\Java\jdk-22\bin;C:\xampp\mysql\bin;C:\Program Files (x86)\CodeBlocks\MinGW\bin;C:\Program Files (x86)\GnuWin32\bin;C:\Program Files\NVIDIA Corporation\NVIDIA app\NvDLISR;C:\ProgramData\chocolatey\bin;C:\Program Files\nodejs\;C:\Program Files\nodejs;C:\Program Files\Docker\Docker\resources\bin;C:\Program Files\Microsoft SQL Server\150\Tools\Binn\;C:\Program Files\Micr;C:\Users\seddi\AppData\Local\Programs\Microsoft VS Code\bin;C:\Program Files\JetBrains\WebStorm 2025.3.2\bin;C:\Users\seddi\AppData\Roaming\npm;C:\Users\seddi\AppData\Local\Programs\Antigravity\bin
USERNAME=seddi
OS=Windows_NT
PROCESSOR_IDENTIFIER=Intel64 Family 6 Model 141 Stepping 1, GenuineIntel
TMP=C:\Users\seddi\AppData\Local\Temp
TEMP=C:\Users\seddi\AppData\Local\Temp




Periodic native trim disabled

---------------  S Y S T E M  ---------------

OS:
 Windows 11 , 64 bit Build 22621 (10.0.22621.5415)
OS uptime: 0 days 0:40 hours
Hyper-V role detected

CPU: total 12 (initial active 12) (6 cores per cpu, 2 threads per core) family 6 model 141 stepping 1 microcode 0x50, cx8, cmov, fxsr, ht, mmx, 3dnowpref, sse, sse2, sse3, ssse3, sse4.1, sse4.2, popcnt, lzcnt, tsc, tscinvbit, avx, avx2, aes, erms, clmul, bmi1, bmi2, adx, avx512f, avx512dq, avx512cd, avx512bw, avx512vl, sha, fma, vzeroupper, avx512_vpopcntdq, avx512_vpclmulqdq, avx512_vaes, avx512_vnni, clflush, clflushopt, clwb, avx512_vbmi2, avx512_vbmi, hv, rdtscp, rdpid, fsrm, gfni, avx512_bitalg, f16c, cet_ibt, cet_ss, avx512_ifma
Processor Information for all 12 processors :
  Max Mhz: 2688, Current Mhz: 2688, Mhz Limit: 2688

Memory: 4k page, system-wide physical 16106M (338M free)
TotalPageFile size 31098M (AvailPageFile size 54M)
current process WorkingSet (physical memory assigned to process): 12M, peak: 12M
current process commit charge ("private bytes"): 65M, peak: 316M

vm_info: Java HotSpot(TM) 64-Bit Server VM (22.0.2+9-70) for windows-amd64 JRE (22.0.2+9-70), built on 2024-06-04T16:52:23Z by "mach5one" with MS VC++ 17.6 (VS2022)

END.
